\BOOKMARK [1][-]{section.1}{\376\377\0001\000.\000\040\000I\000n\000t\000r\000o\000d\000u\000c\000t\000i\000o\000n}{}% 1
\BOOKMARK [2][-]{section*.2}{\376\377\000T\000h\000e\000\040\000t\000o\000w\000e\000r}{section.1}% 2
\BOOKMARK [2][-]{section*.3}{\376\377\000S\000i\000g\000n\000i\000f\000i\000c\000a\000n\000c\000e}{section.1}% 3
\BOOKMARK [2][-]{section*.4}{\376\377\000W\000h\000a\000t\000\040\000i\000s\000\040\000p\000r\000o\000v\000e\000n\000\040\000v\000s\000.\000\040\000c\000i\000t\000e\000d}{section.1}% 4
\BOOKMARK [1][-]{section.2}{\376\377\0002\000.\000\040\000T\000h\000e\000\040\000T\000h\000e\000t\000a\000\040\000G\000r\000o\000u\000p\000\040}{}% 5
\BOOKMARK [2][-]{subsection.2.1}{\376\377\0002\000.\0001\000.\000\040\000T\000h\000e\000\040\000B\000e\000r\000g\000g\000r\000e\000n\000\040\000m\000a\000t\000r\000i\000c\000e\000s}{section.2}% 6
\BOOKMARK [2][-]{subsection.2.2}{\376\377\0002\000.\0002\000.\000\040\000B\000e\000r\000g\000g\000r\000e\000n\000\040\000g\000e\000n\000e\000r\000a\000t\000e\000s\000\040\000t\000h\000e\000\040\000t\000h\000e\000t\000a\000\040\000g\000r\000o\000u\000p}{section.2}% 7
\BOOKMARK [2][-]{subsection.2.3}{\376\377\0002\000.\0003\000.\000\040\000T\000h\000e\000\040\000t\000h\000e\000t\000a\000\040\000g\000r\000o\000u\000p\000\040\000a\000s\000\040\000m\000o\000d\000u\000l\000a\000r\000\040\000g\000r\000o\000u\000p}{section.2}% 8
\BOOKMARK [1][-]{section.3}{\376\377\0003\000.\000\040\000T\000h\000e\000\040\000S\000L\000\050\0002\000,\000F\000p\000\051\000\040\000T\000h\000e\000o\000r\000e\000m}{}% 9
\BOOKMARK [1][-]{section.4}{\376\377\0004\000.\000\040\000A\000D\000E\000\040\000C\000l\000a\000s\000s\000i\000f\000i\000c\000a\000t\000i\000o\000n}{}% 10
\BOOKMARK [1][-]{section.5}{\376\377\0005\000.\000\040\000K\000l\000e\000i\000n\000\040\000Q\000u\000a\000r\000t\000i\000c\000\040\000a\000n\000d\000\040\000E\000x\000c\000e\000p\000t\000i\000o\000n\000a\000l\000\040\000I\000s\000o\000m\000o\000r\000p\000h\000i\000s\000m\000s}{}% 11
\BOOKMARK [1][-]{section.6}{\376\377\0006\000.\000\040\000S\000p\000o\000r\000a\000d\000i\000c\000\040\000G\000r\000o\000u\000p\000s\000:\000\040\000M\000a\000t\000h\000i\000e\000u\000\040\000G\000r\000o\000u\000p\000s}{}% 12
\BOOKMARK [2][-]{subsection.6.1}{\376\377\0006\000.\0001\000.\000\040\000M\0001\0001\000\040\000f\000r\000o\000m\000\040\000p\000\040\000=\000\040\0001\0001}{section.6}% 13
\BOOKMARK [2][-]{subsection.6.2}{\376\377\0006\000.\0002\000.\000\040\000M\0002\0004\000\040\000f\000r\000o\000m\000\040\000p\000\040\000=\000\040\0002\0003}{section.6}% 14
\BOOKMARK [1][-]{section.7}{\376\377\0007\000.\000\040\000T\000h\000e\000\040\000L\000e\000e\000c\000h\000\040\000L\000a\000t\000t\000i\000c\000e}{}% 15
\BOOKMARK [1][-]{section.8}{\376\377\0008\000.\000\040\000M\000o\000n\000s\000t\000r\000o\000u\000s\000\040\000M\000o\000o\000n\000s\000h\000i\000n\000e}{}% 16
\BOOKMARK [2][-]{subsection.8.1}{\376\377\0008\000.\0001\000.\000\040\000F\000r\000o\000m\000\040\000\040\000t\000o\000\040\000t\000h\000e\000\040\000j\000-\000i\000n\000v\000a\000r\000i\000a\000n\000t}{section.8}% 17
\BOOKMARK [2][-]{subsection.8.2}{\376\377\0008\000.\0002\000.\000\040\000T\000h\000e\000\040\000m\000o\000o\000n\000s\000h\000i\000n\000e\000\040\000m\000o\000d\000u\000l\000e}{section.8}% 18
\BOOKMARK [2][-]{subsection.8.3}{\376\377\0008\000.\0003\000.\000\040\000T\000h\000e\000\040\000c\000o\000m\000p\000l\000e\000t\000e\000\040\000c\000h\000a\000i\000n}{section.8}% 19
\BOOKMARK [1][-]{section.9}{\376\377\0009\000.\000\040\000P\000h\000y\000s\000i\000c\000a\000l\000\040\000I\000n\000t\000e\000r\000p\000r\000e\000t\000a\000t\000i\000o\000n}{}% 20
\BOOKMARK [2][-]{subsection.9.1}{\376\377\0009\000.\0001\000.\000\040\000B\000o\000s\000o\000n\000i\000c\000\040\000s\000t\000r\000i\000n\000g\000\040\000t\000h\000e\000o\000r\000y}{section.9}% 21
\BOOKMARK [2][-]{subsection.9.2}{\376\377\0009\000.\0002\000.\000\040\000E\0008\000\040\000h\000e\000t\000e\000r\000o\000t\000i\000c\000\040\000s\000t\000r\000i\000n\000g}{section.9}% 22
\BOOKMARK [2][-]{subsection.9.3}{\376\377\0009\000.\0003\000.\000\040\000G\000r\000a\000v\000i\000t\000a\000t\000i\000o\000n\000a\000l\000\040\000p\000a\000r\000t\000i\000t\000i\000o\000n\000\040\000f\000u\000n\000c\000t\000i\000o\000n}{section.9}% 23
\BOOKMARK [1][-]{section.10}{\376\377\0001\0000\000.\000\040\000C\000o\000m\000p\000u\000t\000a\000t\000i\000o\000n\000a\000l\000\040\000V\000e\000r\000i\000f\000i\000c\000a\000t\000i\000o\000n}{}% 24
\BOOKMARK [2][-]{subsection.10.1}{\376\377\0001\0000\000.\0001\000.\000\040\000G\000r\000o\000u\000p\000\040\000g\000e\000n\000e\000r\000a\000t\000i\000o\000n\000\040\000m\000o\000d\000u\000l\000o\000\040\000p}{section.10}% 25
\BOOKMARK [2][-]{subsection.10.2}{\376\377\0001\0000\000.\0002\000.\000\040\000M\000c\000K\000a\000y\000\040\000g\000r\000a\000p\000h\000\040\000v\000e\000r\000i\000f\000i\000c\000a\000t\000i\000o\000n}{section.10}% 26
\BOOKMARK [2][-]{subsection.10.3}{\376\377\0001\0000\000.\0003\000.\000\040\000M\000o\000d\000u\000l\000a\000r\000\040\000f\000u\000n\000c\000t\000i\000o\000n\000\040\000c\000o\000m\000p\000u\000t\000a\000t\000i\000o\000n}{section.10}% 27
\BOOKMARK [2][-]{subsection.10.4}{\376\377\0001\0000\000.\0004\000.\000\040\000G\000o\000l\000a\000y\000\040\000c\000o\000d\000e\000\040\000v\000e\000r\000i\000f\000i\000c\000a\000t\000i\000o\000n}{section.10}% 28
\BOOKMARK [2][-]{subsection.10.5}{\376\377\0001\0000\000.\0005\000.\000\040\000P\000l\000a\000t\000f\000o\000r\000m}{section.10}% 29
\BOOKMARK [1][-]{section.11}{\376\377\0001\0001\000.\000\040\000D\000i\000s\000c\000u\000s\000s\000i\000o\000n}{}% 30
\BOOKMARK [2][-]{subsection.11.1}{\376\377\0001\0001\000.\0001\000.\000\040\000U\000n\000i\000q\000u\000e\000n\000e\000s\000s\000\040\000o\000f\000\040\000t\000h\000e\000\040\000B\000e\000r\000g\000g\000r\000e\000n\000\040\000t\000r\000e\000e}{section.11}% 31
\BOOKMARK [2][-]{subsection.11.2}{\376\377\0001\0001\000.\0002\000.\000\040\000T\000h\000e\000\040\000r\000o\000l\000e\000\040\000o\000f\000\040\000p\000r\000i\000m\000e\000s}{section.11}% 32
\BOOKMARK [2][-]{subsection.11.3}{\376\377\0001\0001\000.\0003\000.\000\040\000O\000p\000e\000n\000\040\000p\000r\000o\000b\000l\000e\000m\000s}{section.11}% 33
\BOOKMARK [1][-]{section*.5}{\376\377\000A\000c\000k\000n\000o\000w\000l\000e\000d\000g\000m\000e\000n\000t\000s}{}% 34
\BOOKMARK [1][-]{section*.6}{\376\377\000R\000e\000f\000e\000r\000e\000n\000c\000e\000s}{}% 35
